Apr 05 2018 23:11: Ronald@Keuken
Apr 05 2018 23:11: Motion@Keuken
Apr 05 2018 23:07: Motion@Keuken
Apr 05 2018 23:03: Motion@Keuken
Apr 05 2018 23:01: Motion@Keuken
Apr 05 2018 22:57: Motion@Keuken
Apr 05 2018 22:43: Motion@Keuken
Apr 05 2018 22:39: Motion@Keuken
Apr 05 2018 22:34: Motion@Keuken
Apr 05 2018 22:27: Motion@Keuken
Apr 05 2018 22:26: Ronald@Keuken
Apr 05 2018 22:26: Motion@Keuken
Apr 05 2018 22:21: Ronald@Keuken
Apr 05 2018 22:20: Motion@Keuken
Apr 05 2018 20:47: Motion@Keuken
Apr 05 2018 20:16: Motion@Keuken
Apr 05 2018 19:30: Ronald@Keuken
Apr 05 2018 19:27: Motion@Keuken
Apr 05 2018 19:25: Ronald@Keuken
Apr 05 2018 19:22: Motion@Keuken
Apr 05 2018 19:20: Ronald@Keuken
Apr 05 2018 19:15: Ronald@Keuken
Apr 05 2018 19:10: Ronald@Keuken
Apr 05 2018 19:06: Motion@Keuken
Apr 05 2018 19:05: Ronald@Woonkamer
Apr 05 2018 19:01: Motion@Woonkamer
Apr 05 2018 06:42: Ronald@Keuken
Apr 05 2018 06:42: Motion@Keuken
Apr 05 2018 06:27: Ronald@Keuken
Apr 05 2018 06:27: Motion@Keuken
Apr 04 2018 19:32: Motion@Keuken
Apr 04 2018 19:25: Motion@Keuken
Apr 04 2018 19:20: Motion@Keuken
Apr 04 2018 19:15: Motion@Keuken
Apr 04 2018 19:10: Motion@Keuken
Apr 04 2018 19:05: Motion@Keuken
Apr 04 2018 18:58: Motion@Keuken
Apr 04 2018 18:53: Motion@Keuken
Apr 04 2018 18:48: Motion@Keuken
Apr 04 2018 18:43: Motion@Keuken
Apr 04 2018 18:38: Motion@Keuken
Apr 04 2018 18:33: Motion@Keuken
Apr 04 2018 18:27: Motion@Keuken
Apr 04 2018 18:22: Motion@Keuken
Apr 04 2018 18:17: Motion@Keuken
Apr 04 2018 18:12: Motion@Keuken
Apr 04 2018 18:07: Motion@Keuken
Apr 04 2018 18:02: Motion@Keuken
Apr 04 2018 17:59: Motion@Keuken
Apr 04 2018 17:58: Motion@Keuken
Apr 04 2018 17:53: Motion@Keuken
Apr 04 2018 17:52: Ronald@Keuken
Apr 04 2018 17:52: Motion@Keuken
Apr 04 2018 17:44: Motion@Keuken
Apr 04 2018 17:40: Motion@Keuken
Apr 04 2018 17:34: Motion@Keuken
Apr 03 2018 21:56: Motion@Keuken
Apr 03 2018 21:51: Motion@Keuken
Apr 03 2018 21:45: Motion@Keuken
Apr 03 2018 21:40: Motion@Keuken
Apr 03 2018 21:32: Motion@Keuken
Apr 03 2018 21:28: Ronald@Keuken
Apr 03 2018 21:27: Motion@Keuken
Apr 03 2018 21:23: Ronald@Keuken
Apr 03 2018 21:22: Motion@Keuken
Apr 03 2018 21:17: Motion@Keuken
Apr 02 2018 21:46: Motion@Keuken
Apr 02 2018 21:41: Motion@Keuken
Apr 02 2018 21:29: Ronald@Keuken
Apr 02 2018 21:29: Motion@Keuken
Apr 02 2018 21:01: Motion@Keuken
Apr 02 2018 20:59: Ronald@Keuken
Apr 02 2018 20:56: Motion@Keuken
Apr 02 2018 20:54: Ronald@Keuken
Apr 02 2018 20:49: Ronald@Keuken
Apr 02 2018 20:46: Motion@Keuken
Apr 02 2018 20:44: Ronald@Keuken
Apr 02 2018 20:39: Ronald@Keuken
Apr 02 2018 20:38: Motion@Keuken
Apr 02 2018 20:25: Ronald@Keuken
Apr 02 2018 20:25: Motion@Keuken
Apr 02 2018 20:18: Motion@Keuken
Apr 02 2018 20:12: Motion@Voordeur
Apr 02 2018 20:08: Motion@Keuken
Apr 02 2018 20:03: Motion@Voordeur
Apr 02 2018 19:54: Motion@Keuken
Apr 02 2018 19:42: Ronald@Keuken
Apr 02 2018 19:42: Motion@Keuken
Apr 02 2018 19:34: Motion@Achterdeur
Apr 01 2018 21:00: Motion@Voordeur
Apr 01 2018 20:59: Ronald@Keuken
Apr 01 2018 20:54: Ronald@Keuken
Apr 01 2018 20:49: Ronald@Keuken
Apr 01 2018 20:44: Ronald@Keuken
Apr 01 2018 20:39: Ronald@Keuken
Apr 01 2018 20:34: Ronald@Achterdeur
Apr 01 2018 20:33: Motion@Achterdeur
Apr 01 2018 20:31: Ronald@Keuken
Apr 01 2018 20:30: Motion@Voordeur
Apr 01 2018 20:26: Ronald@Keuken
Apr 01 2018 20:25: Motion@Keuken
Mar 31 2018 21:50: Ronald@Connected
Mar 31 2018 21:50: sofie@Connected
Mar 31 2018 21:46: sofie@Disconnected
Mar 31 2018 21:46: Ronald@Disconnected
Mar 31 2018 21:43: Ronald@Connected
Mar 31 2018 21:43: sofie@Connected
Mar 31 2018 21:42: sofie@Disconnected
Mar 31 2018 21:42: Ronald@Disconnected
Mar 31 2018 21:39: Ronald@Connected
Mar 31 2018 21:39: sofie@Connected
Mar 31 2018 21:38: sofie@Disconnected
Mar 31 2018 21:38: Ronald@Disconnected
Mar 31 2018 21:36: Ronald@Disconnected
Mar 31 2018 21:36: sofie@Disconnected
Mar 31 2018 21:26: Ronald@Connected
Mar 31 2018 21:26: Ronald@Voordeur
Mar 31 2018 21:25: Motion@Voordeur
Mar 31 2018 21:25: sofie@Disconnected
Mar 31 2018 21:24: Ronald@Connected
Mar 31 2018 21:24: sofie@Connected
Mar 31 2018 21:24: Ronald@Keuken
Mar 31 2018 21:23: sofie@Disconnected
Mar 31 2018 21:23: Motion@Keuken
Mar 31 2018 21:10: Ronald@Connected
Mar 31 2018 21:10: Ronald@TO BE CORRECTED
Mar 31 2018 21:10: Ronald@Disconnected
Mar 31 2018 21:10: sofie@Disconnected
Mar 31 2018 21:10: Motion@TO BE CORRECTED
Mar 31 2018 20:56: sofie@Connected
Mar 31 2018 20:55: Ronald@TO BE CORRECTED
Mar 31 2018 20:55: Motion@TO BE CORRECTED
Mar 31 2018 20:55: sofie@Disconnected
Mar 31 2018 20:55: Ronald@Disconnected
Mar 31 2018 20:46: sofie@Connected
Mar 31 2018 20:46: Ronald@Connected
Mar 31 2018 20:16: Ronald@TO BE CORRECTED
Mar 31 2018 20:16: Motion@TO BE CORRECTED
Mar 31 2018 20:15: Ronald@Connected
Mar 31 2018 20:15: sofie@Connected
Mar 31 2018 20:09: sofie@Connected
Mar 31 2018 20:09: Ronald@Connected
Mar 31 2018 20:09: Ronald@TO BE CORRECTED
Mar 31 2018 20:09: Motion@TO BE CORRECTED
Mar 31 2018 20:09: Ronald@Disconnected
Mar 31 2018 20:09: sofie@Disconnected
Mar 31 2018 20:06: Ronald@Disconnected
Mar 31 2018 20:06: sofie@Disconnected
Mar 31 2018 20:02: sofie@Connected
Mar 31 2018 20:02: Ronald@Connected
Mar 31 2018 19:56: Ronald@Connected
Mar 31 2018 19:56: sofie@Connected
Mar 31 2018 19:52: Ronald@Connected
Mar 31 2018 19:52: Ronald@Disconnected
Mar 31 2018 19:37: Motion@TO BE CORRECTED
Mar 31 2018 19:37: Ronald@Connected
Mar 31 2018 19:37: sofie@Connected
Mar 31 2018 19:36: Ronald@Disconnected
Mar 31 2018 19:36: sofie@Disconnected
Mar 31 2018 19:26: Ronald@TO BE CORRECTED
Mar 31 2018 19:26: Motion@TO BE CORRECTED
Mar 31 2018 19:25: Ronald@Connected
Mar 31 2018 19:25: sofie@Connected
Mar 31 2018 19:20: Ronald@Connected
Mar 30 2018 21:27: Ronald@TO BE CORRECTED
Mar 30 2018 21:26: Motion@TO BE CORRECTED
Mar 30 2018 21:26: Ronald@Connected
Mar 30 2018 21:26: sofie@Connected
Mar 30 2018 21:23: Ronald@TO BE CORRECTED
Mar 30 2018 21:22: Motion@TO BE CORRECTED
Mar 30 2018 21:20: Ronald@Connected
Mar 30 2018 21:20: sofie@Connected
Mar 30 2018 21:20: Ronald@Disconnected
Mar 30 2018 21:20: sofie@Disconnected
Mar 30 2018 21:18: Ronald@TO BE CORRECTED
Mar 30 2018 21:18: Motion@TO BE CORRECTED
Mar 30 2018 21:13: Ronald@TO BE CORRECTED
Mar 30 2018 21:13: Motion@TO BE CORRECTED
Mar 30 2018 21:08: Ronald@TO BE CORRECTED
Mar 30 2018 21:08: Motion@TO BE CORRECTED
Mar 30 2018 21:03: Ronald@Connected
Mar 30 2018 21:03: sofie@Connected
Mar 30 2018 20:57: Ronald@TO BE CORRECTED
Mar 30 2018 20:57: Motion@TO BE CORRECTED
Mar 30 2018 20:52: Ronald@TO BE CORRECTED
Mar 30 2018 20:52: Motion@TO BE CORRECTED
Mar 30 2018 20:48: Ronald@Connected
Mar 30 2018 20:48: sofie@Connected
Mar 30 2018 20:47: Ronald@TO BE CORRECTED
Mar 30 2018 20:47: Motion@TO BE CORRECTED
Mar 30 2018 20:47: Ronald@Disconnected
Mar 30 2018 20:40: sofie@Disconnected
Mar 30 2018 20:29: Ronald@TO BE CORRECTED
Mar 30 2018 20:29: Motion@TO BE CORRECTED
Mar 30 2018 20:29: Ronald@Disconnected
Mar 30 2018 20:29: sofie@Disconnected
Mar 30 2018 20:21: Ronald@Disconnected
Mar 30 2018 20:21: sofie@Disconnected
Mar 29 2018 21:42: Ronald@Connected
Mar 29 2018 21:42: sofie@Connected
Mar 29 2018 21:42: Ronald@TO BE CORRECTED
Mar 29 2018 21:42: Motion@TO BE CORRECTED
Mar 29 2018 21:33: sofie@Disconnected
Mar 29 2018 21:33: Ronald@Disconnected
Mar 29 2018 21:33: Ronald@TO BE CORRECTED
Mar 29 2018 21:32: Motion@TO BE CORRECTED
Mar 29 2018 21:32: sofie@Connected
Mar 29 2018 21:32: Ronald@Connected
Mar 29 2018 21:31: Ronald@Disconnected
Mar 29 2018 21:31: Ronald@TO BE CORRECTED
Mar 29 2018 21:31: Motion@TO BE CORRECTED
Mar 29 2018 21:30: Ronald@Connected
Mar 29 2018 21:30: sofie@Connected
Mar 29 2018 21:29: Ronald@Disconnected
Mar 29 2018 21:29: sofie@Disconnected
Mar 29 2018 21:29: Ronald@TO BE CORRECTED
Mar 29 2018 21:29: Motion@TO BE CORRECTED
Mar 29 2018 21:09: sofie@Disconnected
Mar 29 2018 21:09: Ronald@Disconnected
Mar 29 2018 21:09: Ronald@TO BE CORRECTED
Mar 29 2018 21:08: Motion@TO BE CORRECTED
Mar 29 2018 21:07: sofie@Disconnected
Mar 29 2018 21:07: Ronald@Disconnected
Mar 29 2018 21:07: Ronald@TO BE CORRECTED
Mar 29 2018 21:07: Motion@TO BE CORRECTED
Mar 29 2018 21:05: Ronald@Disconnected
Mar 29 2018 21:05: sofie@Disconnected
Mar 29 2018 21:05: Ronald@TO BE CORRECTED
Mar 29 2018 21:05: Motion@TO BE CORRECTED
Mar 29 2018 21:02: Ronald@Disconnected
Mar 29 2018 21:02: sofie@Disconnected
Mar 29 2018 21:02: Ronald@TO BE CORRECTED
Mar 29 2018 21:02: Motion@TO BE CORRECTED
Mar 29 2018 20:59: Ronald@TO BE CORRECTED
Mar 29 2018 20:54: sofie@Disconnected
Mar 29 2018 20:54: Ronald@Disconnected
Mar 29 2018 20:54: Ronald@TO BE CORRECTED
Mar 29 2018 20:54: Motion@TO BE CORRECTED
Mar 29 2018 12:12: Ronald@Disconnected
Mar 29 2018 12:12: sofie@Disconnected
Mar 29 2018 12:12: Ronald@TO BE CORRECTED
Mar 29 2018 12:12: Motion@TO BE CORRECTED
Mar 28 2018 22:17: Ronald@TO BE CORRECTED
Mar 28 2018 22:16: Motion@TO BE CORRECTED
Mar 28 2018 22:12: Ronald@TO BE CORRECTED
Mar 28 2018 22:11: Ronald@Connected
Mar 28 2018 22:11: Motion@TO BE CORRECTED
Mar 28 2018 22:07: Ronald@Connected
Mar 28 2018 22:07: sofie@Connected
Mar 28 2018 22:07: Ronald@TO BE CORRECTED
Mar 28 2018 22:07: Motion@TO BE CORRECTED
Mar 28 2018 22:05: Ronald@Disconnected
Mar 28 2018 22:05: sofie@Disconnected
Mar 28 2018 22:04: sofie@Disconnected
Mar 28 2018 22:04: Ronald@Disconnected
Mar 28 2018 21:59: Ronald@TO BE CORRECTED
Mar 28 2018 21:59: Motin@TO BE CORRECTED
Mar 28 2018 21:55: Ronald@Connected
Mar 28 2018 21:54: Ronald@Disconnected
Mar 28 2018 21:54: sofie@Disconnected
Mar 28 2018 21:54: Ronald@TO BE CORRECTED
Mar 28 2018 21:54: Motion@TO BE CORRECTED
Mar 28 2018 21:53: sofie@Connected
Mar 28 2018 21:53: Ronald@Connected
Mar 28 2018 21:52: sofie@Disconnected
Mar 28 2018 21:52: Ronald@Disconnected
Mar 28 2018 21:52: Ronald@TO BE CORRECTED
Mar 28 2018 21:52: Motion@TO BE CORRECTED
Mar 28 2018 21:48: Ronald@Connected
Mar 28 2018 21:48: sofie@Connected
Mar 28 2018 21:48: Ronald@TO BE CORRECTED
Mar 28 2018 21:48: Motion@TO BE CORRECTED
Mar 28 2018 21:47: Ronald@Connected
Mar 28 2018 21:46: Ronald@Disconnected
Mar 28 2018 21:46: sofie@Disconnected
Mar 28 2018 21:43: sofie@Connected
Mar 28 2018 21:42: Ronald@TO BE CORRECTED
Mar 28 2018 21:42: Ronald@Disconnected
Mar 28 2018 21:42: sofie@Disconnected
Mar 28 2018 21:42: Motion@TO BE CORRECTED
Mar 28 2018 21:35: Ronald@TO BE CORRECTED
Mar 28 2018 21:35: Motion@TO BE CORRECTED
Mar 28 2018 21:35: Ronald@Connected
Mar 28 2018 21:35: sofie@Connected
Mar 28 2018 21:34: Ronald@Disconnected
Mar 28 2018 21:34: sofie@Disconnected
Mar 28 2018 21:31: Ronald@Connected
Mar 28 2018 21:31: sofie@Connected
Mar 28 2018 21:30: Ronald@TO BE CORRECTED
Mar 28 2018 21:30: sofie@Disconnected
Mar 28 2018 21:30: Motion@TO BE CORRECTED
Mar 28 2018 21:27: Ronald@TO BE CORRECTED
Mar 28 2018 21:27: sofie@Connected
Mar 28 2018 21:27: Ronald@Connected
Mar 28 2018 21:27: Motion@TO BE CORRECTED
Mar 28 2018 21:21: Ronald@Disconnected
Mar 28 2018 21:21: sofie@Disconnected
Mar 28 2018 21:18: sofie@Disconnected
Mar 28 2018 21:18: Ronald@Disconnected
Mar 28 2018 21:07: Ronald@TO BE CORRECTED
Mar 28 2018 21:07: Motion@TO BE CORRECTED
Mar 28 2018 21:02: Ronald@Connected
Mar 28 2018 21:02: sofie@Connected
Mar 28 2018 21:02: Ronald@Disconnected
Mar 28 2018 21:02: sofie@Disconnected
Mar 28 2018 21:02: Ronald@TO BE CORRECTED
Mar 28 2018 21:02: Motion@TO BE CORRECTED
Mar 28 2018 20:50: Ronald@TO BE CORRECTED
Mar 28 2018 20:49: Motion@TO BE CORRECTED
Mar 28 2018 20:45: Ronald@TO BE CORRECTED
Mar 28 2018 20:44: Motion@TO BE CORRECTED
Mar 28 2018 20:40: sofie@Connected
Mar 28 2018 20:40: Ronald@Connected
Mar 28 2018 20:39: Ronald@TO BE CORRECTED
Mar 28 2018 20:39: Motion@TO BE CORRECTED
Mar 28 2018 20:39: sofie@Disconnected
Mar 28 2018 20:39: Ronald@Disconnected
Mar 28 2018 20:37: Ronald@TO BE CORRECTED
Mar 28 2018 20:37: Motion@TO BE CORRECTED
Mar 28 2018 20:36: sofie@Connected
Mar 28 2018 20:36: Ronald@Connected
Mar 28 2018 20:35: Ronald@Disconnected
Mar 28 2018 20:26: Ronald@Connected
Mar 28 2018 20:26: sofie@Connected
Mar 27 2018 21:49: Ronald@TO BE CORRECTED
Mar 27 2018 21:49: Ronald@Disconnected
27 2018 21:49: Ronald@Disconnected
Mar 27 2018 21:49: sofie@Disconnectnected
Mar 27 2018 21:49: Motion@TO BE CORRECTED
Mar 27 2018 21:46: Ronald@Disconnected
Mar 27 2018 21:46: sofie@Disconnected
Mar 27 2018 21:46: Motion@TO BE CORRECTED
Mar 27 2018 21:40: sofie@Connected
Mar 27 2018 21:40: Ronald@Connected
Mar 27 2018 2:40: Ronald@Disconnected
Mar 27 2018 21:40: Ronald@TO BE CORRECTED
Mar 27 2018 21:40: Motion@TO BE CORRECTED
Mar 27 2018 21:36: sofie@Connected
Mar 27 2018 21:36: Ronald@Connected
Mar 27 2018 21:36: Ronald@Disconnected
Mar 27 2018 21:36: Ronald@TO BE CORRECTED
Mar 27 2018 21:36: Motion@TO BE CORRECTED
Mar 27 2018 21:33: Ronald@Connected
Mar 27 2018 21:33: sofie@Connected
Mar 27 2018 21:33: Ronald@TO BTO BE CORRECTED
Mar 27 2018 21:30: Ronald@Disconnected
Mar 27 2018 21:30: Ronald@TO BE CORRECTED
Mar 27 2018 21:30: Motion@TO BE CORRECTED
Mar 27 2018 21:27: Ronald@TO BE CORRECTED
Mar 27 2018 21:27: Motion@TO BE CORRECTED
Mar 27 2018 21:27: Ronald@Connected
Mar 27 2018 21:27: sofie@Connected
Mar 27 2018 21:08: Ronald@Connected
Mar 27 2018 21:08: sofie@Connected
Mar 27 2018 21:07: Ronald@Disconnected
Mar 27 2018 21:07: sofie@Disconnected
Mar 27 2018 21:07: Ronald@TO BE CORRECTEECTED
Mar 27 2018 21:05: Ronald@Connected
Mar 27 2018 21:05: sofie@Connected
Mar 27 2018 21:04: Ronald@TO BE CORRECTED
Mar 27 2018 21:04: Motion@TO BE CORRECTED
Mar 27 2018 21:04: Ronald@Disconnected
Mar 27 2018 21:04: sofie@Disconnected
Mar 27 2018 21:00: Ronald@TO BE CORRECTED
Mar 27 2018 21:00: Motion@TO BE CORRECTED
Mar 27 2018 20:55: Ronald@TO BE CORRECTED
Mar 27 2018 20:55: Motion@TO BE CORRECTED
Mar 27 2018 20:50: Ronald@TO BE CORRECTED
Mar 27 2018 20:50: sofie@Connected
Mar 27 2018 20:50: Ronald@Connected
Mar 27 2018 20:50: Motion@TO BE CORRECTED
Mar 27 2018 20:44: sofie@Connected
Mar 27 2018 20:44: Ronald@Connected
Mar 27 2018 20:28: sofie@Connected
Mar 27 2018 20:28: Ronald@Connected
Mar 27 2018 20:26: sofie@Disconnected
Mar 27 2018 20:26: Ronald@Disconnected
Mar 27 2018 20:20: sofie@Connected
Mar 27 2018 20:20: Ronald@Connected
Mar 27 2018 20:19: Ronald@Disconnected
Mar 27 2018 20:19: sofie@Disconnected
Mar 26 2018 20:44: sofie@Connected
Mar 26 2018 20:44: Ronald@Connected
Mar 26 2018 20:43: sofie@Disconnected
Mar 26 2018 20:43: Ronald@Disconnected
Mar 26 2018 20:09: ronald@Connected
Mar 26 2018 20:09: Motion@Keuken
Mar 26 2018 20:07: ronald@Disconnected
Mar 26 2018 20:07: sofie@Disconnected
Mar 26 2018 20:05: Ronald de Lange@Disconnected
Mar 26 2018 20:05: Sofie de Lange@Disconnected
Mar 26 2018 19:59: Ronald@Keuken
Mar 26 2018 19:59: Motion@Keuken
Mar 26 2018 19:52: Ronald@Keuken
Mar 26 2018 19:51: Motion@Keuken
Mar 26 2018 19:46: Ronald@Keuken
Mar 26 2018 19:46: Motion@Keuken
Mar 26 2018 19:39: Ronald@Keuken
Mar 26 2018 19:39: Motion@Keuken
Mar 26 2018 19:37: Ronald@Keuken
Mar 26 2018 19:37: Me Lange@Disconnected
Mar 23 2018 21:49: Ronald de Lange@Disconnected
Mar 23 2018 21:44: Sofie de Lange@Disconnected
Mar 23 2018 21:44: Ronald de Lange@Disconnected
Mar 23 2018 21:38: Ronald@Keuken
Mar 23 2018 21:36: Motion@Keuken
Mar 23 2018 21:33: Ronald@Keuken
Mar 23 2018 21:28: Sofie de Lange@Connected
Mar 23 2018 21:28: Ronald de Lange@Connected
Mar 23 2018 21:28: Ronald@Keuken
Mar 23 2018 21:28: Motion@Keuken
Mar 23 2018 21:27: Sofie de Lange@Disconnected
Mar 23 2018 21:27: Ronald de Lange@Disconnected
Mar 23 2018 21:23: Ronald de Lange@Connected
Mar 23 2018 21:23: Sofie de Lange@Connectge@Connected
Mar 20 2018 22:27: Sofie de Lange@Connected
Mar 20 2018 22:26: Ronald@Keuken
Mar 20 2018 22:26: Ronald de Lange@Disconnected
Mar 20 2018 22:26: Sofie de Lange@Disconnected
Mar 20 2018 22:26: Motion@Keuken
Mar 20 2018 22:24: Ronald@Keuken
Mar 20 2018 22:24: Ronald de Lange@Connected
Mar 20 2018 22:24: Sofie de Lange@Connected
Mar 20 2018 22:23: Motion@Keuken
Mar 20 2018 22:22: Ronald de Lange@Disconnected
Mar 20 2018 22:22: Sofie de Lange@Disconnected
Mar 20 2018 22:22: Motion@Keuken
Mar 20 2018 22:09: Sofie de Lange@Connected
Mar 20 2018 22:09: Ronald de Lange@Connected
Mar 20 2018 22:08: Ronald@Keuken
nnected
Mar 20 2018 22:08: Ronal 22:08: Motion@Keuken
Mar 20 2018 2: Ronald@Keuken
Mar 20 2018 22:01: Sofie de Lnge@Disconnected
Mar 20 2018 22:01: Ronald de Lange@Disconnected
Mar 20 2018 22:01ald@Keuken
Mar 20 2018 21:57: Ronald de Lange@Connected
Mar 20 2018 21:57: Sofie de Lange@Connected
Mar 20 2018 21:57: Motion@Keuken
Mar 20 2018 21:45: Ronald@Keuken
Mar 20 2018 21:45: Ronald de Lange@Connected
Mar 20 2018 21:45: So21:45: Motion@Keuken
Mar 20 2018 21:43: Motion@Keuken
Mar 20 2018 21:41: Ronald@Keuken
Mar 20 2018 21:41: Ronald de Lange@Connected
Mar 20 2018 21:41: Sofie de Lange@Connected
Mar 20 2018 21:40: Motion@Keuken
Mar 20 2018 21:37: Sofie de Lange@Connected
Mar 20 2018 21:37: Ronald de Lange@Connected
Mar 20 2018 21:37: Ronald@Keuken
Mar 20 2018 21:37: Sofie de Lange@Disconnected
Mar 20 2018 21:37: Ronald de Lange@Disconnected
Mar 20 2018 21:36: Motion@Keuken
Mar 20 2018 21:22: Ronald@Keuken
Mar 20 2018 21:22: Motion@Keuken
Mar 20 2018 21:19: Ronald de Lange@Connected
Mar 20 2018 21:19: Sofie de Lange@Connected
Mar 20 2018 21:19: Ronald@Keuken
Mar 20 2018 21:18: Ronald de Lange@Disconnected
Mar 20 2018 21:18: Sofie de Lange@Disconnected
Mar 20 2018 21:18: Motion@Keuken
Mar 20 2018 21:16: Ronald@Keuken
Mar 20 2018 21:16: Ronald de Lange@Connected
Mar 20 2018 21:15: Motion@Keuken
Mar 20 2018 21:12: Ronald@Keuken
Mar 20 2018 21:1:12: Ronald@Keuken
Mar 20 2018 21:12: Sofie de Lange@Connected
Mar 20 2018 21:12: Ronald de Lange@Connected
Mar 20 2018 21:11: Motion@Keuke@Connected
Mar 20 2018 21:09: Motion@Keuken
Mar 20 2018 21:08: Motion@Keuken
Mar 20 2018 21:07: Sofie de Lange@Connected
Mar 20 2018 21:07: Ronald de Lange@Connected
Mar 20 2018 21:05: Ronald@Keuken
Mar 20 2018 21:05: Ronald de Lange@Disconnected
Mar 20 2018 21:05: Sofie de Lange@Disconnken
Mar 19 2018 23:23: Ronald@Keuken
Mar 19 2018 23:22: Motion@Keuken
Mar 19 2018 23:20: Sofie de Lange@Connected
Mar  2Mar 19 2018 23:18: Ronald de Lange@Disconnected
Mar 19 2018 23:17: Motio@Keuken
Mar 19 2018 23:16: Ronald de Lange@Connected
Mar 19 2018 23:16: Sofie de Lange@Connected
Mar 19 2018 23:15: Ronald@Keuken
Mar 19 2018 23:15: Sofie de Lange@Disconnected
Mar 19 2018 23:14: Motion@Keuken
Mar 19 2018 23:13: Motion@Keuken
Mar 19 2018 23:12: Motion@Keuken
Mar 19 2018 23:11: Ronald@Keuken
Mar 19 2018 23:10: Sofie de Lange@Disconnected
Mar 19 2018 23:10: Ronald de Lange@Disconnected
Mar 19 2018 23:10: Motion@Keuken
Mar 19 2018 23:07: Ronald@Keuken
Mar 19 2018 23:05: Motion@Keuken
Mar 19 2018 23:02: Ronald@Keuken
Mar 19 2018 23:00: Motion@Keuken
Mar 19 2018 22:57: Ronald@Keuken
Mar 19 2018 22:55: Motion@Keuken
Mar 19 2018 22:52: Ronald@Keuken
Mar 19 2018 22:50: Motion@Keuken
Mar 19 2018 22:47: Ronald@Keuken
Mar 19 2018 22:45: Motion@Keuken
Mar 19 2018 22:42: Ronald@Keuken
Mar 19 2018 22:40: Motion@Keuken
Mar 19 2018 22:36: Ronald@Keuken
Mar 19 2018 22:35: Motion@Keuken
Mar 19 2018 22:31: Ronald de Lange@Connected
Mar 19 2018 22:31: Sofie de Lange@Connected
Mar 19 2018 22:31: Ronald@Keuken
Mar 19 2018 22:30: Ronald de Lange@Disconnected
Mar 19 2018 22:30: Sofie de Lange@Disconnected
Mar 19 2018 22:30: Motion@Keuken
Mar 19 2018 22:26: Ronald de Lange@Connected
Mar 19 2018 22:26: Sofie de Lange@Connected
Mar 19 2018 22:25: Ronald@Keuken
Mar 19 2018 22:25: Ronald de Lange@Disconnected
Mar 19 2018 22:25: Sofie de Lange@Disconnected
Mar 19 2018 22:25: Motion@Keuken
Mar 19 2018 22:23: Motion@Keuken
Mar 19 2018 22:22: Ronald@Keuken
Mar 19 2018 22:21: Ronald de Lange@Disconnected
Mar 19 2018 22:21: Sofie de Lange@Disconnected
Mar 19 2018 22:21: Motion@Keuken
Mar 19 2018 22:19: Ronald@Keuken
Mar 19 2018 22:18: Sofie de Lange@Connected
Mar 19 2018 22:18: Ronald de Lange@Connected
Mar 19 2018 22:18: Motion@Keuken
Mar 19 2018 22:13: Ronald de Lange@Disconnected
Mar 19 2018 22:13: Sofie de Lange@Disconnected
Mar 19 2018 22:07: Ronald de Lange@Connected
Mar 19 2018 22:07: Sofie de Lange@Connected
Mar 19 2018 22:04: Ronald@Keuken
Mar 19 2018 22:03: Ronald de Lange@Disconnected
Mar 19 2018 22:03: Sofie de Lange@Disconnected
Mar 19 2018 22:03: Motion@Keuken
Mar 19 2018 22:01: Ronald@Keuken
Mar 19 2018 22:00: Ronald de Lange@Connected
Mar 19 2018 22:00: Sofie de Lange@Connected
Mar 19 2018 22:00: Rnald de Lange@Disconnected
Mar 19 2018 22:00: Sofie de Lange@Disconnecte
Mar 19 2018 21:59: Motion@Keuken
Mar 19 2018 21:57: Ronald de Lange@Connected
Mar 19 2018 21:57: Sofie de Lange@ConnectedMar 19 2018 21:57: Ronald de Lange@Disconnected
Mar 19 2018 21:56: Motion@Keuken
Mar 19 2018 21:49: Ronald@Keuken
Mar 19 2018 21:49: Sofie de Lange@Connected
Mar 19 2018 21:49: Ronald de Lange@Connected
Mar 19 2018 21:48: Motion@Keuken
Mar 19 2018 21:46: Ronald@Keuken
Mar 19 2018 21:46: Ronald de Lange@Connected
Mar 19 2018 21:46: Sofie de Lange@Connected
Mar 19 2018 21:45: Sofie de Lange@Disconnected
Mar 19 2018 21:45: Motion@Keuken
Mar 19 2018 21:34: Ronald de Lange@Disconnected
Mar 19 2018 21:34: Sofie de Lange@Disconnected
Mar 19 2018 21:34: Motion@Keuken
Mar 19 2018 21:31: Ronald@Keuken
Mar 19 2018 21:30: Ronald de Lange@Connected
Mar 19 2018 21:30: Sofie de Lange@Connected
Mar 19 2018 21:30: Motion@Keuken
Mar 19 2018 20:58: Ronald@Keuken
Mar 1 2018 20:58: Sofie de Lange@Connected
Mar 19 2018 20:58: Ronald de Lange@Connected
Mar 19 2018 20:58: Sofie de Lange@Disconnected
Mar 19 2018 20:58: Ronald de Lange@Disconnected
Mar 19 2018 20:57: Motion@Keuken
Mar 19 2018 20:53: Ronald de Lange@Connected
Mar 19 2018 20:53: Sofie de Lange@Connected
Mar 19 2018 20:53: Ronald@Keuken
Mar 19 2018 20r 19 2018 20:52: Sofie de Lange@Disconnected
Mar 19 2018 20:52: Motion@Keuken
Mar 19 2018 20:51: Ronald de Lange@Disconnected
Mar 19 2018 20:51: Sofie de Lange@Disconnected
Mar 19 2018 20:40: Ronald@Keuken
Mar 19 2018 20:39: Ronald de Lange@Disconnected
Mar 19 2018 20:39: Sofie de Lange@Disconnected
Mar 19 2018 20:39: Motion@Keuke
Mar 19 2018 20:7: @Connected
Mar 19 2018 20:36: Ronald de Lange@Connected
Mar 19 2018 20:36: Motion@Keuken
Mar 19 2018 20:31: Ronald@Keuken
Mar 19 2018 20:30: Ronald de Lange@Disconnected
Mar 19 2018 20:30: Sofie de Lange@Disconnected
Mar 19 2018 20:30: Motion@Keuken
Mar 19 2018 20:26: Ronald de Lange@Disconnected
Mar 19 2018 20:26: Sofie de Lange@Disconnected
Mar 19 2018 20:25: Motion@Keuken
Mar 19 2018 20:25: Ronald@Keuken
Mar 19 2018 20:24: Ronald de Lange@Connected
Mar 19 2018 20:24: Sofie de Lange@Connected
Mar 19 2018 20:24: Motion@Keuken
Mar 18 2018 21:47: Sofie de Lange@Connected
Mar 18 2018 21:47: Ronald de Lange@Connected
Mar 18 2018 21:47: Ronald@Keuken
Mar 18 2018 21:47: Ronald de Lange@Disconnected
Mar 18 2018 21:46: Motion@Keuken
Mar 18 2018 21:43: Ronald de Lange@Connected
Mar 18 2018 21:43: Sofie de Lange@Connected
Mar 18 2018r 18 2018 21:26: Ronald de Lange@Connected
Mar 18 2018 21:25: Ronald@Keuken
Mar 18 2018 21:25: Sofie de Lange@ion@Keuken
Mar 18 2018 21:18: Ronald de Lange@Disconnected
Mar 18 2018 21:18: Sofie de Lange@Disconnected
Mar 18 2018 20:44: Ronald@Keuken
Mar 18 2018 20:44: Motion@Keuken
Mar 18 2018 20:44: Ronald de Lange@Connected
Mar 18 2018 20:44: Sofie de Lange@Connected
Mar 18 2018 20:37: Motion@Keuken
Mar 18 2018 20:32: Motion@Keuken
Mar 18 2018 20:27: Motion@Keuken
Mar 18 2018 20:22: Motion@Keuken
Mar 18 2018 20:21: Ronald de Lange@Connected
Mar 18 2018 20:20: Sofie de Lange@Disconnected
Mar 18 2018 20:20: Ronald de Lange@Disconnected
Mar 16 2018 23:00: Motion@Keuken
Mar 16 2018 22:59: Ronald@Keuken
Mar 16 2018 22:55: Motion@Keuken
Mar 16 2018 22:55: Ronald de Lange@Connected
Mar 16 2018 22:55: Sofie de Lange@Connected
Mar 16 2018 22:54: Ronald de Lange@Disconnected
Mar 16 2018 22:54 Sofie de Lange@Disconnected
Mar 16 2018 22:51: Ronald@Keuken
Mar 16 2018 22:51: Motion@Keuken
Mar 16 2018 22:50: Ronald de Lange@Connected
Mar 16 2018 22:50: Sofie de Lange@Connected
Mar 16 2018 22:50: Ronald de Lange@Disconnected
Mar 16 2018 22:45: Motion@Keuken
Mar 16 2018 22:34: Ronald de Lange@Disconnected
Mar 16 2018 22:34: Sofie de Lange@Disconnected
Mar 16 22018 22:33: Motion@Keuken
Mar 16 2018 22:32: Ronald de Lange@Disconnected
Mar 16 2018 22:32: Sofie de Lange@Disconnected
Mar 16 2018 22:24: Sofie de Lannge@Disconnected
Mar 16 2018 22:24: Ronald de Lange@Disconnected
Mar 16 2018 22:21: Motion@Keuken
Mar 13 2018 22:35: Motion@Keuken
Mar 13 2018 22:35: Ronald@Keuken
Mar 10 2018 22:28: Ronald@Keuken
Mar 10 2018 22:28: Motion@Keuken
Mar 10 2018 22:15: Ronald@Keuken
Mar 10 2018 22:15: Motion@Keuken
Mar 10 2018 22:06: Motion@Keuken
Mar 10 2018 22:04: Ronald@Keuken
Mar 10 2018 21:59: Ronald@Keuken
Mar 10 2018 21:59: Motion@Keuken
Mar 10 2018 21:54: Ronald@Keuken
Mar 10 2018 21:54: Motion@Keuken
Mar 10 2018 21:51: Motion@Keuken
Mar 10 2018 21:47: Ronald@Keuken
Mar 10 2018 21:46: Motion@Keuken
Mar 10 2018 21:42: Ronald@Keuken
Mar 10 2018 21:41: Motion@Keuken
Mar 10 2018 21:37: Ronald@Keuken
Mar 10 2018 21:36: Motion@Keuken
Mar 10 2018 21:32: RonalKeuken
Mar 10 2018 15:24: Motion@Keuken
Mar 10 2018 15:24: Motion@Keuken
Mar 10 2018 15:24: Motion@Keuken
Mar 10 2018 15:24: Ronald@Keuken
Mar10 2018 15:24: Ronald@Keuken
Mar 10 2018 15:24: Ronald@Keuken
Mar 10 2018 15:19: Motion@Keuken
Mar 10 2018 15:19: Motion@Keuken
Mar 10 2018 15:19: Motion@Keuken
Mar 10 2018 15:19: Motion@Keuken
Mar 10 2018 15:19: Ronald@Ke 2018 15:1: Ronald@Keuken
Mar 10 2018 15:19: Ronald@Keuken
Mar 10 2018 15:14: Motion@Keuken
Mar 10 2018 15:14: Motion@Keuken
Mar 10 2018 15:14: Motion@Keuken
Mar 10 2018 15:14: Motion@Keuken
Mar 10 2018 15:11: sofie@NOTconnected
Mar 10 2018 15:11: ronald@NOTconnected
Mar 10 2018 15:10: ronald@NOTconnected
Mar 10 2018 15:10: sofie@NOTconnected
Mar 10 2018 14:52: ronald@NOTconnected
Mar 10 2018 14:52: Motion@Keuken
Mar 10 2018 14:52: sofie@NOTconnected
Mar 10 2018 14:52: sofie@connected
Mar 10 2018 14:52: ronald@NOTconnected
Mar 10 2018 14:52: ronald@NOTconnected
Mar 10 2018 14:51: sofie@NOTconnected
Mar 10 2018 14:51: ronald@NOTconnected
Mar 10 2018 14:51: Motion@Keuken
Mar 10 2018 14:50: ronald@NOTconnected
Mar 10 2018 14:50: sofie@NOTconnected
Mar 10 2018 14:47: sofie@NOTconnected
Mar 10 2018 14:40: Ronald@Keuken
Mar 10 2018 14:40: Ronald@Keuken
Mar 10 2018 14:40: Ronald@Keuken
Mar 10 2018 14:40: Ronald@Keuken
Mar 10 2018 14:40: Motion@Keuken
Mar 10 2018 14:38: Motion@Keuken
Mar 10 2018 14:38: Motion@Keuken
Mar 10 2018 14:38: Motion@Keuken
M8: Motion@Keuken
Mar 10 2018 14:38: sofie@network
Mar 10 2018 14:38: ronald@network
Mar 10 2018 14:38: sofie@network
Mar 10 2018 1:38: ronald@network
Mar 10 2018 14:37: ronald@network
Mar 10 2018 14:37: sofie@network
Mar 10 2018 14:34: Ronald@Keuken
Mar 10 2018 14:34: Motion@Keuken
Mar 10 2018 14:32: sofie@network
Mar 10 2018 14:32: ronald@network
Mar 10 2018 14:32: sofie@network
Mar 10 2018 14:32: ronald@network
Mar 10 2018 14:31: sofie@network
Mar 10 2018 14:31: ronald@network
Mar 10 2018 14:27: Ronald de Lange@network
Mar 10 2018 14:27: Sion@Keuken
Mar 10 2018 14:13: Ronald@Keuken
Mar 10 2018 14:07: Motion@Keuken
Mar 10 2018 14:02: Motion@Keuken
Mar 10 2018 13:58: Ronald@Keuken
Mar 10 2018 13:58: Motion@Keuken
Mar 10 2018 13:54: Ronald@Keuken
Mar 10 2018 13:54: Motion@Keuken
Mar 10 2018 13:53: Motion@Keuken
Mar 10 2018 13:48: Ronald@Keuken
Mar 10 2018 13:47: Motion@Keuken
Mar 10 2018 13:31: Motion@Keuken
Mar 10 2018 13:26: Motion@Keuken
Mar 10 2018 13:20: Motion@Keuken
Mar 10 2018 13:17: Motion@Keuken
Mar 10 2018 13:08: Ronald@Keuken
Mar 10 2018 13:06: Motion@Keuken
Mar 10 2018 13:03: Ronald@Keuken
Mar 10 2018 13:01: Motion@Keuken
Mar 10 2018 12:58: Ronald@Keuken
Mar 10 2018 12:56: Motion@Keuken
Mar 10 2018 12:48: Motion@Keuken
Mar 09 2018 22:12: Ronald@Keuken
Mar 09 2018 22:12: Motion@Keuken
Mar 09 2018 22:08: Ronald@Keuken
Mar 09 2018 22:08: Motion@Keuken
Mar 09 2018 22:05: Ronald@Keuken
Mar 09 2018 22:05: Motion@Keuken
Mar 09 2018 21:59: Ronald@TestCamera
Mar 09 2018 21:59: Motion@TestCamera
Mar 09 2018 21:54: Ronald@TestCamera
Mar 09 2018 21:54: Motion@TestCamera
Mar 09 2018 21:51: Ronald@TestCamera
Mar 09 2018 21:50: Motion@TestCamera
Mar 09 2018 21:47: Ronald@TestCamera
Mar 09 2018 21:47: Motion@TestCamera
Mar 09 2018 21:42: Ronald@TestCamera
Mar 09 2018 21:42: Motion@TestCamera
Mar 09 2018 21:37: Ronald@TestCamera
Mar 09 2018 21:37: Motion@TestCamera
Mar 09 2018 07:03: Ronald@TestCamera
Mar 09 2018 07:02: Motion@TestCamera
10:55PM on March 08, 2018: Ronald@TestCamera
10:55PM on March 08, 2018: Motion@TestCamera
10:54PM on March 08, 2018: Ronald@TestCamera
10:54PM on March 08, 2018: Motion@TestCamera
10:46PM on March 08, 2018: Ronald@TestCamera
10:46PM on March 08, 2018: Motion@TestCamera
10:44PM on March 08, 2018: Ronald@Camera TestCamera
10:44PM on March 08, 2018: Motion@Camera TestCamera
10:21PM on March 08, 2018: Ronald@Camera 0
10:20PM on March 08, 2018: Motion@Camera 0
10:20PM on March 08, 2018: Motion@Camera 0
10:19PM on March 08, 2018: Ronald@Camera 0
10:15PM on March 08, 2018: Ronald@Camera 0
10:14PM on March 08, 2018: Ronald@0
10:11PM on Marchin camera 0 with a confidenc gre 2018: Ronald was recognised in camera 0 with a confidence greater tha was recognised in camera 0 with a confidence greater than 50
09:56PM on March 08, 2018: Ronald was recognised in camera 0 with a confidence greater than 50
09:52PM on March 08, 2018: Ronald was recognised 
10:43PM on March 04, 2018: Ronald was recognised in camera 0 with a confidence greater than 50
10:38PM on March 04, 2018: Ronald was recognised in camera 0 with a confidence greater than 50
10:33PM on March 04, 2018: Ronald was recognised in camera 0 with a confidence greater than 50
10:26PM on March 04, 2018: Ronald was recognised in camera 0 with a confidence greater than 50
10:24PM on March 04, 2018: Sofie was recognised in camera All with a confidence greater than 16
10:23PM on March 04, 2018: Sofie was recognised in camera All with a confidence greater than 16
09:34PM on Marh a confidence greater than 16
09:34PM on March 04, 2018: Sofie was recognised in camera Alll with a confidence greater than 16
09:06PM on March 04, 2018: Sofie was recognised in camera All with a confidence greater than 16
09:02PM on March 04, 2018: Sofie was recognised in camera All with a confidence greater than 16/n08:55PM on March 04, 2018: Sofie was recognised in camera All with a confidence greater than 16Sofie was recognised in camera All with a confidence greater than 1666666666666666666666666666666666